[10:45:01] [Server thread/INFO]: Starting minecraft server version 1.10.2
[10:47:01] [Server thread/INFO]: Loading properties
[10:47:01] [Server thread/INFO]: Default game type: SURVIVAL
[10:47:01] [Server thread/INFO]: Generating keypair
[10:47:01] [Server thread/INFO]: Starting Minecraft server on *:25565
[10:47:01] [Server thread/INFO]: Using default channel type
[10:47:30] [Server thread/INFO]: Preparing level "world"
[10:47:38] [Server thread/INFO]: Preparing start region for level 0
[10:47:41] [Server thread/INFO]: Preparing spawn area: 45%
[10:47:42] [Server thread/INFO]: Done (11.801s)! For help, type "help" or "?"
[10:48:26] [Server thread/WARN]: Can't keep up! Did the system time change, or is the server overloaded? Running 37231ms behind, skipping 744 tick(s)
[10:48:45] [Server thread/WARN]: Can't keep up! Did the system time change, or is the server overloaded? Running 18391ms behind, skipping 367 tick(s)
[10:48:51] [Server thread/WARN]: Can't keep up! Did the system time change, or is the server overloaded? Running 6661ms behind, skipping 133 tick(s)
[10:48:56] [User Authenticator #1/INFO]: UUID of player ReelablePenny14 is dfea9c0c-337a-4402-9e4a-2b1dc441cea4
[10:49:02] [Server thread/INFO]: ReelablePenny14[/127.0.0.1:53087] logged in with entity id 463 at (107.89606381461148, 58.0, 264.5273737767873)
[10:49:02] [Server thread/INFO]: ReelablePenny14 joined the game
[10:49:43] [Server thread/WARN]: Can't keep up! Did the system time change, or is the server overloaded? Running 34517ms behind, skipping 690 tick(s)
[10:49:48] [Server thread/WARN]: Can't keep up! Did the system time change, or is the server overloaded? Running 5136ms behind, skipping 102 tick(s)
[10:50:36] [Server thread/WARN]: Can't keep up! Did the system time change, or is the server overloaded? Running 30777ms behind, skipping 615 tick(s)
[10:50:44] [Server thread/WARN]: Can't keep up! Did the system time change, or is the server overloaded? Running 8110ms behind, skipping 162 tick(s)
[10:51:15] [Server thread/WARN]: Can't keep up! Did the system time change, or is the server overloaded? Running 21313ms behind, skipping 426 tick(s)
[10:51:18] [Server thread/WARN]: Can't keep up! Did the system time change, or is the server overloaded? Running 3489ms behind, skipping 69 tick(s)
[10:51:55] [Server thread/WARN]: Can't keep up! Did the system time change, or is the server overloaded? Running 16576ms behind, skipping 331 tick(s)
[10:51:57] [Server thread/WARN]: Can't keep up! Did the system time change, or is the server overloaded? Running 2727ms behind, skipping 54 tick(s)
[10:52:29] [Server thread/WARN]: Can't keep up! Did the system time change, or is the server overloaded? Running 15249ms behind, skipping 304 tick(s)
[10:52:33] [Server thread/WARN]: Can't keep up! Did the system time change, or is the server overloaded? Running 3700ms behind, skipping 74 tick(s)
[10:53:01] [Server thread/WARN]: Can't keep up! Did the system time change, or is the server overloaded? Running 10611ms behind, skipping 212 tick(s)
[10:53:10] [Server thread/WARN]: Can't keep up! Did the system time change, or is the server overloaded? Running 3910ms behind, skipping 78 tick(s)
[10:53:36] [Server thread/WARN]: Can't keep up! Did the system time change, or is the server overloaded? Running 10245ms behind, skipping 204 tick(s)
[10:53:46] [Server thread/WARN]: Can't keep up! Did the system time change, or is the server overloaded? Running 4468ms behind, skipping 89 tick(s)
[10:54:13] [Server thread/WARN]: Can't keep up! Did the system time change, or is the server overloaded? Running 10526ms behind, skipping 210 tick(s)
[10:54:28] [Server thread/WARN]: Can't keep up! Did the system time change, or is the server overloaded? Running 8981ms behind, skipping 179 tick(s)
[10:54:40] [Server thread/WARN]: Can't keep up! Did the system time change, or is the server overloaded? Running 6308ms behind, skipping 126 tick(s)
[10:54:54] [Server thread/WARN]: Can't keep up! Did the system time change, or is the server overloaded? Running 3953ms behind, skipping 79 tick(s)
[10:55:11] [Server thread/WARN]: Can't keep up! Did the system time change, or is the server overloaded? Running 3836ms behind, skipping 76 tick(s)
[10:55:26] [Server thread/WARN]: Can't keep up! Did the system time change, or is the server overloaded? Running 3898ms behind, skipping 77 tick(s)
[10:55:44] [Server thread/WARN]: Can't keep up! Did the system time change, or is the server overloaded? Running 3381ms behind, skipping 67 tick(s)
[10:56:05] [Server thread/WARN]: Can't keep up! Did the system time change, or is the server overloaded? Running 6296ms behind, skipping 125 tick(s)
[10:56:18] [Server thread/WARN]: Can't keep up! Did the system time change, or is the server overloaded? Running 3909ms behind, skipping 78 tick(s)
[10:56:34] [Server thread/WARN]: Can't keep up! Did the system time change, or is the server overloaded? Running 2507ms behind, skipping 50 tick(s)
[10:56:53] [Server thread/WARN]: Can't keep up! Did the system time change, or is the server overloaded? Running 3610ms behind, skipping 72 tick(s)
[10:57:19] [Server thread/WARN]: Can't keep up! Did the system time change, or is the server overloaded? Running 9126ms behind, skipping 182 tick(s)
[10:57:36] [Server thread/WARN]: Can't keep up! Did the system time change, or is the server overloaded? Running 7144ms behind, skipping 142 tick(s)
[10:57:50] [Server thread/WARN]: Can't keep up! Did the system time change, or is the server overloaded? Running 5334ms behind, skipping 106 tick(s)
[10:58:05] [Server thread/WARN]: Can't keep up! Did the system time change, or is the server overloaded? Running 4236ms behind, skipping 84 tick(s)
[10:58:20] [Server thread/WARN]: Can't keep up! Did the system time change, or is the server overloaded? Running 2620ms behind, skipping 52 tick(s)
[10:58:38] [Server thread/WARN]: Can't keep up! Did the system time change, or is the server overloaded? Running 2101ms behind, skipping 42 tick(s)
[10:58:54] [Server thread/WARN]: Can't keep up! Did the system time change, or is the server overloaded? Running 3563ms behind, skipping 71 tick(s)
[10:59:15] [Server thread/WARN]: Can't keep up! Did the system time change, or is the server overloaded? Running 6693ms behind, skipping 133 tick(s)
[10:59:35] [Server thread/WARN]: Can't keep up! Did the system time change, or is the server overloaded? Running 10894ms behind, skipping 217 tick(s)
[10:59:49] [Server thread/WARN]: Can't keep up! Did the system time change, or is the server overloaded? Running 6650ms behind, skipping 133 tick(s)
[11:00:17] [Server thread/WARN]: Can't keep up! Did the system time change, or is the server overloaded? Running 14952ms behind, skipping 299 tick(s)
[11:00:32] [Server thread/WARN]: Can't keep up! Did the system time change, or is the server overloaded? Running 12265ms behind, skipping 245 tick(s)
[11:01:11] [Server thread/WARN]: Can't keep up! Did the system time change, or is the server overloaded? Running 24962ms behind, skipping 499 tick(s)
[11:01:14] [Server thread/WARN]: Can't keep up! Did the system time change, or is the server overloaded? Running 2817ms behind, skipping 56 tick(s)
[11:01:43] [Server thread/WARN]: Can't keep up! Did the system time change, or is the server overloaded? Running 15020ms behind, skipping 300 tick(s)
[11:01:46] [Server thread/WARN]: Can't keep up! Did the system time change, or is the server overloaded? Running 2994ms behind, skipping 59 tick(s)
[11:02:47] [Server thread/WARN]: Can't keep up! Did the system time change, or is the server overloaded? Running 32350ms behind, skipping 647 tick(s)
[11:02:51] [Server thread/WARN]: Can't keep up! Did the system time change, or is the server overloaded? Running 3520ms behind, skipping 70 tick(s)
[11:03:10] [Server thread/WARN]: Can't keep up! Did the system time change, or is the server overloaded? Running 7448ms behind, skipping 148 tick(s)
[11:03:26] [Server thread/WARN]: Can't keep up! Did the system time change, or is the server overloaded? Running 5290ms behind, skipping 105 tick(s)
[11:03:49] [Server thread/WARN]: Can't keep up! Did the system time change, or is the server overloaded? Running 7794ms behind, skipping 155 tick(s)
[11:04:26] [Server thread/WARN]: Can't keep up! Did the system time change, or is the server overloaded? Running 17858ms behind, skipping 357 tick(s)
[11:04:29] [Server thread/WARN]: Can't keep up! Did the system time change, or is the server overloaded? Running 2708ms behind, skipping 54 tick(s)
[11:04:57] [Server thread/WARN]: Can't keep up! Did the system time change, or is the server overloaded? Running 10451ms behind, skipping 209 tick(s)
[11:05:08] [Server thread/WARN]: Can't keep up! Did the system time change, or is the server overloaded? Running 4915ms behind, skipping 98 tick(s)
[11:05:28] [Server thread/WARN]: Can't keep up! Did the system time change, or is the server overloaded? Running 8213ms behind, skipping 164 tick(s)
[11:06:18] [Server thread/WARN]: Can't keep up! Did the system time change, or is the server overloaded? Running 31922ms behind, skipping 638 tick(s)
[11:06:20] [Server thread/WARN]: Can't keep up! Did the system time change, or is the server overloaded? Running 2184ms behind, skipping 43 tick(s)
[11:06:36] [Server thread/WARN]: ReelablePenny14 moved too quickly! -10.028655856406772,0.0,-1.4750217787236295
[11:06:49] [Server thread/WARN]: Can't keep up! Did the system time change, or is the server overloaded? Running 8835ms behind, skipping 176 tick(s)
[11:07:01] [Server thread/WARN]: Can't keep up! Did the system time change, or is the server overloaded? Running 3857ms behind, skipping 77 tick(s)
[11:07:17] [Server thread/WARN]: Can't keep up! Did the system time change, or is the server overloaded? Running 2312ms behind, skipping 46 tick(s)
[11:07:42] [Server thread/WARN]: Can't keep up! Did the system time change, or is the server overloaded? Running 7264ms behind, skipping 145 tick(s)
[11:08:03] [Server thread/WARN]: Can't keep up! Did the system time change, or is the server overloaded? Running 5507ms behind, skipping 110 tick(s)
[11:08:17] [Server thread/WARN]: Can't keep up! Did the system time change, or is the server overloaded? Running 3140ms behind, skipping 62 tick(s)
[11:08:38] [Server thread/WARN]: Can't keep up! Did the system time change, or is the server overloaded? Running 4861ms behind, skipping 97 tick(s)
[11:11:24] [Server thread/WARN]: Can't keep up! Did the system time change, or is the server overloaded? Running 2318ms behind, skipping 46 tick(s)
[11:12:11] [Server thread/WARN]: Can't keep up! Did the system time change, or is the server overloaded? Running 2292ms behind, skipping 45 tick(s)
[11:12:28] [Server thread/WARN]: Can't keep up! Did the system time change, or is the server overloaded? Running 3532ms behind, skipping 70 tick(s)
[11:12:44] [Server thread/WARN]: Can't keep up! Did the system time change, or is the server overloaded? Running 2761ms behind, skipping 55 tick(s)
[11:14:28] [Server thread/WARN]: Can't keep up! Did the system time change, or is the server overloaded? Running 2208ms behind, skipping 44 tick(s)
[11:14:44] [Server thread/WARN]: Can't keep up! Did the system time change, or is the server overloaded? Running 2214ms behind, skipping 44 tick(s)
[11:17:29] [Server thread/WARN]: Can't keep up! Did the system time change, or is the server overloaded? Running 4963ms behind, skipping 99 tick(s)
[11:17:51] [Server thread/WARN]: Can't keep up! Did the system time change, or is the server overloaded? Running 8097ms behind, skipping 161 tick(s)
[11:26:04] [Server thread/WARN]: Can't keep up! Did the system time change, or is the server overloaded? Running 2255ms behind, skipping 45 tick(s)
[11:28:43] [Server thread/WARN]: Can't keep up! Did the system time change, or is the server overloaded? Running 2177ms behind, skipping 43 tick(s)
[11:29:00] [Server thread/WARN]: Can't keep up! Did the system time change, or is the server overloaded? Running 4387ms behind, skipping 87 tick(s)
[11:43:06] [Server thread/WARN]: Can't keep up! Did the system time change, or is the server overloaded? Running 3114ms behind, skipping 62 tick(s)
[11:43:23] [Server thread/WARN]: Can't keep up! Did the system time change, or is the server overloaded? Running 4838ms behind, skipping 96 tick(s)
[11:43:38] [Server thread/WARN]: Can't keep up! Did the system time change, or is the server overloaded? Running 3865ms behind, skipping 77 tick(s)
[11:43:54] [Server thread/WARN]: Can't keep up! Did the system time change, or is the server overloaded? Running 2403ms behind, skipping 48 tick(s)
[11:44:05] [Server thread/WARN]: ReelablePenny14 moved too quickly! -5.522114851838211,1.809530092647158,-8.366497823576196
[11:44:11] [Server thread/WARN]: Can't keep up! Did the system time change, or is the server overloaded? Running 4367ms behind, skipping 87 tick(s)
[11:44:24] [Server thread/WARN]: Can't keep up! Did the system time change, or is the server overloaded? Running 2180ms behind, skipping 43 tick(s)
[11:44:49] [Server thread/WARN]: Can't keep up! Did the system time change, or is the server overloaded? Running 7037ms behind, skipping 140 tick(s)
[11:45:08] [Server thread/WARN]: Can't keep up! Did the system time change, or is the server overloaded? Running 5897ms behind, skipping 117 tick(s)
[11:45:19] [Server thread/WARN]: Can't keep up! Did the system time change, or is the server overloaded? Running 2082ms behind, skipping 41 tick(s)
[11:45:36] [Server thread/WARN]: Can't keep up! Did the system time change, or is the server overloaded? Running 2270ms behind, skipping 45 tick(s)
[11:45:58] [Server thread/WARN]: Can't keep up! Did the system time change, or is the server overloaded? Running 2152ms behind, skipping 43 tick(s)
[11:46:24] [Server thread/WARN]: ReelablePenny14 moved too quickly! 6.652625716664446,0.0,7.5689356369899485
[11:46:30] [Server thread/WARN]: ReelablePenny14 moved too quickly! 0.08754386880274012,-11.110836108692979,1.9010567611094302
[11:46:30] [Server thread/WARN]: Can't keep up! Did the system time change, or is the server overloaded? Running 4568ms behind, skipping 91 tick(s)
[11:46:44] [Server thread/WARN]: Can't keep up! Did the system time change, or is the server overloaded? Running 2862ms behind, skipping 57 tick(s)
[11:47:14] [Server thread/WARN]: Can't keep up! Did the system time change, or is the server overloaded? Running 2199ms behind, skipping 43 tick(s)
[11:48:43] [Server thread/WARN]: ReelablePenny14 moved too quickly! -10.08082234466331,0.0,3.2086077152815733
[11:48:48] [Server thread/WARN]: Can't keep up! Did the system time change, or is the server overloaded? Running 3385ms behind, skipping 67 tick(s)
[11:50:22] [Server thread/WARN]: Can't keep up! Did the system time change, or is the server overloaded? Running 3630ms behind, skipping 72 tick(s)
[11:57:33] [Server thread/WARN]: Can't keep up! Did the system time change, or is the server overloaded? Running 2126ms behind, skipping 42 tick(s)
[11:58:07] [Server thread/WARN]: Can't keep up! Did the system time change, or is the server overloaded? Running 17321ms behind, skipping 346 tick(s)
[11:58:10] [Server thread/WARN]: Can't keep up! Did the system time change, or is the server overloaded? Running 3214ms behind, skipping 64 tick(s)
[11:58:34] [Server thread/WARN]: Can't keep up! Did the system time change, or is the server overloaded? Running 7576ms behind, skipping 151 tick(s)
[11:58:48] [Server thread/WARN]: Can't keep up! Did the system time change, or is the server overloaded? Running 2359ms behind, skipping 47 tick(s)
[11:59:09] [Server thread/WARN]: Can't keep up! Did the system time change, or is the server overloaded? Running 4134ms behind, skipping 82 tick(s)
[11:59:44] [Server thread/WARN]: Can't keep up! Did the system time change, or is the server overloaded? Running 22817ms behind, skipping 456 tick(s)
[11:59:46] [Server thread/WARN]: Can't keep up! Did the system time change, or is the server overloaded? Running 2454ms behind, skipping 49 tick(s)
[12:00:08] [Server thread/WARN]: Can't keep up! Did the system time change, or is the server overloaded? Running 5370ms behind, skipping 107 tick(s)
[12:00:23] [Server thread/WARN]: ReelablePenny14 moved too quickly! 4.95151938008317,0.0,9.139032605651437
[12:00:24] [Server thread/WARN]: Can't keep up! Did the system time change, or is the server overloaded? Running 2972ms behind, skipping 59 tick(s)
[12:00:31] [Server thread/WARN]: ReelablePenny14 moved too quickly! 0.373956604542272,-11.481684612343102,1.3346523118712526
[12:01:12] [Server thread/WARN]: Can't keep up! Did the system time change, or is the server overloaded? Running 31305ms behind, skipping 626 tick(s)
[12:01:18] [Server thread/WARN]: Can't keep up! Did the system time change, or is the server overloaded? Running 5828ms behind, skipping 116 tick(s)
[12:01:41] [Server thread/WARN]: Can't keep up! Did the system time change, or is the server overloaded? Running 9601ms behind, skipping 192 tick(s)
[12:01:52] [Server thread/WARN]: Can't keep up! Did the system time change, or is the server overloaded? Running 4902ms behind, skipping 98 tick(s)
[12:02:14] [Server thread/WARN]: Can't keep up! Did the system time change, or is the server overloaded? Running 3727ms behind, skipping 74 tick(s)
[12:02:34] [Server thread/WARN]: Can't keep up! Did the system time change, or is the server overloaded? Running 5379ms behind, skipping 107 tick(s)
[12:02:49] [Server thread/WARN]: Can't keep up! Did the system time change, or is the server overloaded? Running 4237ms behind, skipping 84 tick(s)
[12:03:09] [Server thread/WARN]: Can't keep up! Did the system time change, or is the server overloaded? Running 2082ms behind, skipping 41 tick(s)
[12:03:29] [Server thread/WARN]: Can't keep up! Did the system time change, or is the server overloaded? Running 4934ms behind, skipping 98 tick(s)
[12:03:50] [Server thread/WARN]: Can't keep up! Did the system time change, or is the server overloaded? Running 3317ms behind, skipping 66 tick(s)
[12:04:02] [Server thread/WARN]: ReelablePenny14 moved too quickly! 9.02325571604662,0.0,4.441810547430322
[12:04:06] [Server thread/WARN]: ReelablePenny14 moved too quickly! 3.6068629002948,4.8746170238323145,-8.793404091332036
[12:04:10] [Server thread/WARN]: ReelablePenny14 moved too quickly! -0.2555988320322058,-0.18707108935397798,10.023028999942426
[12:04:13] [Server thread/WARN]: Can't keep up! Did the system time change, or is the server overloaded? Running 8434ms behind, skipping 168 tick(s)
[12:04:30] [Server thread/WARN]: Can't keep up! Did the system time change, or is the server overloaded? Running 6717ms behind, skipping 134 tick(s)
[12:04:51] [Server thread/WARN]: Can't keep up! Did the system time change, or is the server overloaded? Running 2591ms behind, skipping 51 tick(s)
[12:05:19] [Server thread/WARN]: Can't keep up! Did the system time change, or is the server overloaded? Running 12397ms behind, skipping 247 tick(s)
[12:05:35] [Server thread/WARN]: Can't keep up! Did the system time change, or is the server overloaded? Running 10552ms behind, skipping 211 tick(s)
[12:05:51] [Server thread/WARN]: ReelablePenny14 moved too quickly! -3.5410302473060113,3.7406094361140845,-8.789720242310523
[12:05:52] [Server thread/WARN]: Can't keep up! Did the system time change, or is the server overloaded? Running 3319ms behind, skipping 66 tick(s)
[12:05:57] [Server thread/WARN]: ReelablePenny14 moved too quickly! 6.131947456044671,0.0,8.108804894118862
[12:06:09] [Server thread/WARN]: ReelablePenny14 moved too quickly! -1.246592335861834,-0.020530508874919917,-10.163118809929557
[12:06:09] [Server thread/WARN]: Can't keep up! Did the system time change, or is the server overloaded? Running 5115ms behind, skipping 102 tick(s)
[12:06:16] [Server thread/WARN]: ReelablePenny14 moved too quickly! 6.223586681003894,0.0,8.19393692505102
[12:06:26] [Server thread/WARN]: Can't keep up! Did the system time change, or is the server overloaded? Running 4180ms behind, skipping 83 tick(s)
[12:06:40] [Server thread/WARN]: Can't keep up! Did the system time change, or is the server overloaded? Running 2454ms behind, skipping 49 tick(s)
[12:07:06] [Server thread/WARN]: Can't keep up! Did the system time change, or is the server overloaded? Running 12083ms behind, skipping 241 tick(s)
[12:07:16] [Server thread/WARN]: Can't keep up! Did the system time change, or is the server overloaded? Running 5382ms behind, skipping 107 tick(s)
[12:07:42] [Server thread/WARN]: ReelablePenny14 moved too quickly! 0.30930305649175693,0.19132128703473228,-10.564585910816731
[12:07:49] [Server thread/WARN]: Can't keep up! Did the system time change, or is the server overloaded? Running 14837ms behind, skipping 296 tick(s)
[12:07:56] [Server thread/WARN]: Can't keep up! Did the system time change, or is the server overloaded? Running 4973ms behind, skipping 99 tick(s)
[12:08:12] [Server thread/WARN]: Can't keep up! Did the system time change, or is the server overloaded? Running 4320ms behind, skipping 86 tick(s)
[12:08:29] [Server thread/WARN]: Can't keep up! Did the system time change, or is the server overloaded? Running 5788ms behind, skipping 115 tick(s)
[12:08:43] [Server thread/WARN]: Can't keep up! Did the system time change, or is the server overloaded? Running 4553ms behind, skipping 91 tick(s)
[12:09:04] [Server thread/WARN]: Can't keep up! Did the system time change, or is the server overloaded? Running 5296ms behind, skipping 105 tick(s)
[12:09:28] [Server thread/WARN]: Can't keep up! Did the system time change, or is the server overloaded? Running 9189ms behind, skipping 183 tick(s)
[12:09:37] [Server thread/WARN]: ReelablePenny14 moved too quickly! -10.525870655688706,0.0,0.027957965503446758
[12:09:39] [Server thread/WARN]: Can't keep up! Did the system time change, or is the server overloaded? Running 4561ms behind, skipping 91 tick(s)
[12:09:51] [Server thread/WARN]: Can't keep up! Did the system time change, or is the server overloaded? Running 2256ms behind, skipping 45 tick(s)
[12:10:23] [Server thread/WARN]: ReelablePenny14 moved too quickly! 9.551089869640776,2.4602241296351224,-1.6957256829598748
[12:10:25] [Server thread/WARN]: Can't keep up! Did the system time change, or is the server overloaded? Running 11803ms behind, skipping 236 tick(s)
[12:10:31] [Server thread/WARN]: ReelablePenny14 moved too quickly! 3.1437341377370416,-5.094735364898504,8.082578771562794
[12:10:40] [Server thread/WARN]: Can't keep up! Did the system time change, or is the server overloaded? Running 6473ms behind, skipping 129 tick(s)
[12:10:58] [Server thread/WARN]: ReelablePenny14 moved too quickly! -9.786716313655504,-2.1790660466267013,0.6353529768476278
[12:10:59] [Server thread/WARN]: Can't keep up! Did the system time change, or is the server overloaded? Running 8113ms behind, skipping 162 tick(s)
[12:11:09] [Server thread/WARN]: Can't keep up! Did the system time change, or is the server overloaded? Running 2702ms behind, skipping 54 tick(s)
[12:11:25] [Server thread/WARN]: Can't keep up! Did the system time change, or is the server overloaded? Running 2163ms behind, skipping 43 tick(s)
[12:11:46] [Server thread/WARN]: Can't keep up! Did the system time change, or is the server overloaded? Running 6765ms behind, skipping 135 tick(s)
[12:12:06] [Server thread/WARN]: Can't keep up! Did the system time change, or is the server overloaded? Running 6545ms behind, skipping 130 tick(s)
[12:12:30] [Server thread/WARN]: Can't keep up! Did the system time change, or is the server overloaded? Running 9240ms behind, skipping 184 tick(s)
[12:12:41] [Server thread/WARN]: Can't keep up! Did the system time change, or is the server overloaded? Running 2416ms behind, skipping 48 tick(s)
[12:12:57] [Server thread/WARN]: Can't keep up! Did the system time change, or is the server overloaded? Running 2761ms behind, skipping 55 tick(s)
[12:13:14] [Server thread/WARN]: Can't keep up! Did the system time change, or is the server overloaded? Running 3664ms behind, skipping 73 tick(s)
[12:13:28] [Server thread/WARN]: Can't keep up! Did the system time change, or is the server overloaded? Running 2027ms behind, skipping 40 tick(s)
[12:13:49] [Server thread/WARN]: Can't keep up! Did the system time change, or is the server overloaded? Running 2174ms behind, skipping 43 tick(s)
[12:14:20] [Server thread/WARN]: Can't keep up! Did the system time change, or is the server overloaded? Running 2802ms behind, skipping 56 tick(s)
[12:14:35] [Server thread/WARN]: Can't keep up! Did the system time change, or is the server overloaded? Running 2560ms behind, skipping 51 tick(s)
[12:14:53] [Server thread/WARN]: Can't keep up! Did the system time change, or is the server overloaded? Running 3670ms behind, skipping 73 tick(s)
[12:15:18] [Server thread/WARN]: Can't keep up! Did the system time change, or is the server overloaded? Running 2570ms behind, skipping 51 tick(s)
[12:15:34] [Server thread/WARN]: Can't keep up! Did the system time change, or is the server overloaded? Running 3310ms behind, skipping 66 tick(s)
[12:15:53] [Server thread/WARN]: Can't keep up! Did the system time change, or is the server overloaded? Running 2049ms behind, skipping 40 tick(s)
[12:16:14] [Server thread/WARN]: Can't keep up! Did the system time change, or is the server overloaded? Running 2167ms behind, skipping 43 tick(s)
[12:16:34] [Server thread/WARN]: Can't keep up! Did the system time change, or is the server overloaded? Running 2054ms behind, skipping 41 tick(s)
[12:17:04] [Server thread/WARN]: Can't keep up! Did the system time change, or is the server overloaded? Running 2169ms behind, skipping 43 tick(s)
[12:17:19] [Server thread/WARN]: Can't keep up! Did the system time change, or is the server overloaded? Running 2037ms behind, skipping 40 tick(s)
[12:17:39] [Server thread/WARN]: Can't keep up! Did the system time change, or is the server overloaded? Running 2036ms behind, skipping 40 tick(s)
[12:17:54] [Server thread/WARN]: Can't keep up! Did the system time change, or is the server overloaded? Running 2106ms behind, skipping 42 tick(s)
[12:18:20] [Server thread/WARN]: Can't keep up! Did the system time change, or is the server overloaded? Running 2941ms behind, skipping 58 tick(s)
[12:18:45] [Server thread/WARN]: Can't keep up! Did the system time change, or is the server overloaded? Running 2087ms behind, skipping 41 tick(s)
[12:19:10] [Server thread/WARN]: Can't keep up! Did the system time change, or is the server overloaded? Running 2034ms behind, skipping 40 tick(s)
[12:19:25] [Server thread/WARN]: Can't keep up! Did the system time change, or is the server overloaded? Running 2053ms behind, skipping 41 tick(s)
[12:19:45] [Server thread/WARN]: Can't keep up! Did the system time change, or is the server overloaded? Running 2155ms behind, skipping 43 tick(s)
[12:20:26] [Server thread/WARN]: Can't keep up! Did the system time change, or is the server overloaded? Running 2422ms behind, skipping 48 tick(s)
[12:20:42] [Server thread/WARN]: Can't keep up! Did the system time change, or is the server overloaded? Running 2746ms behind, skipping 54 tick(s)
[12:21:07] [Server thread/WARN]: Can't keep up! Did the system time change, or is the server overloaded? Running 2031ms behind, skipping 40 tick(s)
[12:21:32] [Server thread/WARN]: Can't keep up! Did the system time change, or is the server overloaded? Running 2447ms behind, skipping 48 tick(s)
[12:21:32] [Server thread/WARN]: ReelablePenny14 moved too quickly! -2.5081199151793925,0.0,10.110838461251973
[12:21:52] [Server thread/WARN]: ReelablePenny14 moved too quickly! -1.9289720514913284,9.9552727496785,-1.902523399209258
[12:22:08] [Server thread/WARN]: Can't keep up! Did the system time change, or is the server overloaded? Running 2600ms behind, skipping 52 tick(s)
[12:22:23] [Server thread/WARN]: ReelablePenny14 moved too quickly! 2.1209542110023705,0.0,-9.826384258264113
[12:22:54] [Server thread/WARN]: Can't keep up! Did the system time change, or is the server overloaded? Running 2548ms behind, skipping 50 tick(s)
[12:23:18] [Server thread/WARN]: Can't keep up! Did the system time change, or is the server overloaded? Running 2203ms behind, skipping 44 tick(s)
[12:23:39] [Server thread/WARN]: Can't keep up! Did the system time change, or is the server overloaded? Running 2484ms behind, skipping 49 tick(s)
[12:24:25] [Server thread/WARN]: Can't keep up! Did the system time change, or is the server overloaded? Running 2820ms behind, skipping 56 tick(s)
[12:24:50] [Server thread/WARN]: ReelablePenny14 moved too quickly! 5.983808944366146,0.19193201431097862,8.40106824676991
[12:24:50] [Server thread/WARN]: Can't keep up! Did the system time change, or is the server overloaded? Running 2006ms behind, skipping 40 tick(s)
[12:25:29] [Server thread/WARN]: ReelablePenny14 moved too quickly! -7.089690874627962,0.0,-7.912049433715964
[12:25:34] [Server thread/WARN]: Can't keep up! Did the system time change, or is the server overloaded? Running 2065ms behind, skipping 41 tick(s)
[12:25:34] [Server thread/WARN]: ReelablePenny14 moved too quickly! 10.268790889876954,0.0,-2.912803874557568
[12:25:44] [Server thread/WARN]: ReelablePenny14 moved too quickly! 4.292730332262522,0.0,9.392574128115427
[12:25:50] [Server thread/WARN]: ReelablePenny14 moved too quickly! 0.3479149755751507,-11.401761074346567,2.4289846181048915
[12:25:50] [Server thread/WARN]: Can't keep up! Did the system time change, or is the server overloaded? Running 2145ms behind, skipping 42 tick(s)
[12:33:19] [Server thread/WARN]: Can't keep up! Did the system time change, or is the server overloaded? Running 2346ms behind, skipping 46 tick(s)
[12:33:37] [Server thread/WARN]: Can't keep up! Did the system time change, or is the server overloaded? Running 2063ms behind, skipping 41 tick(s)
[12:47:30] [Server thread/INFO]: Server Backup started!
[12:47:31] [Thread-49/INFO]: Server backup done in 00:00:01! (12.0MB | 125.4MB)
[13:01:08] [Server thread/WARN]: ReelablePenny14 moved too quickly! 3.1062225995272996,1.713744068098066,9.786341708646148
[13:15:18] [Server thread/INFO]: ReelablePenny14 lost connection: TextComponent{text='Disconnected', siblings=[], style=Style{hasParent=false, color=null, bold=null, italic=null, underlined=null, obfuscated=null, clickEvent=null, hoverEvent=null, insertion=null}}
[13:15:18] [Server thread/INFO]: ReelablePenny14 left the game
[13:15:25] [Server thread/WARN]: Can't keep up! Did the system time change, or is the server overloaded? Running 2362ms behind, skipping 47 tick(s)
[14:47:30] [Server thread/INFO]: Server Backup started!
[14:47:31] [Thread-74/INFO]: Server backup done in 856ms! (12.0MB | 129.8MB)
[16:29:27] [User Authenticator #2/INFO]: UUID of player ReelablePenny14 is dfea9c0c-337a-4402-9e4a-2b1dc441cea4
[16:29:28] [Server thread/INFO]: ReelablePenny14[/127.0.0.1:53964] logged in with entity id 1573168 at (107.4665225947174, 58.0, 264.1519415611707)
[16:29:28] [Server thread/INFO]: ReelablePenny14 joined the game
[16:43:36] [Server thread/INFO]: ReelablePenny14 lost connection: TextComponent{text='Disconnected', siblings=[], style=Style{hasParent=false, color=null, bold=null, italic=null, underlined=null, obfuscated=null, clickEvent=null, hoverEvent=null, insertion=null}}
[16:43:36] [Server thread/INFO]: ReelablePenny14 left the game
[16:43:50] [User Authenticator #3/INFO]: UUID of player ReelablePenny14 is dfea9c0c-337a-4402-9e4a-2b1dc441cea4
[16:43:54] [Server thread/INFO]: ReelablePenny14[/127.0.0.1:54002] logged in with entity id 1669602 at (108.72001529139273, 58.75, 240.7052907503984)
[16:43:54] [Server thread/INFO]: ReelablePenny14 joined the game
[16:43:55] [Server thread/WARN]: Can't keep up! Did the system time change, or is the server overloaded? Running 2423ms behind, skipping 48 tick(s)
[16:47:30] [Server thread/INFO]: Server Backup started!
[16:47:32] [Thread-101/INFO]: Server backup done in 00:00:01! (12.0MB | 134.2MB)
[16:54:33] [Server thread/INFO]: ReelablePenny14 has just earned the achievement [Magical Wood]
[16:58:48] [Server thread/INFO]: Stopping the server
[16:58:48] [Server thread/INFO]: Stopping server
[16:58:48] [Server thread/INFO]: Saving players
[16:58:48] [Server thread/INFO]: Saving worlds
[16:58:48] [Server thread/INFO]: Saving chunks for level 'world'/Overworld
[16:58:49] [Server thread/INFO]: Saving chunks for level 'world'/Nether
[16:58:49] [Server thread/INFO]: Saving chunks for level 'world'/The End
[16:58:49] [Server thread/INFO]: Saving chunks for level 'world'/ExtraUtils2_Quarry_Dim
[16:58:49] [Server thread/INFO]: Saving chunks for level 'world'/fakeend
[16:58:49] [Server thread/INFO]: Saving chunks for level 'world'/fakenether
[16:58:49] [Server thread/INFO]: Saving chunks for level 'world'/fakeoverworld
[16:58:49] [Server thread/INFO]: Saving chunks for level 'world'/Overworld
[16:58:53] [Server Shutdown Thread/INFO]: Stopping server
